<?xml version="1.0" encoding="UTF-8"?>
<!-- Generated by org.testng.reporters.JUnitReportReporter -->
<testsuite hostname="DESKTOP-CEFJT3T" failures="0" tests="1" name="testcases.LoginTestHR" time="13.423" errors="0" timestamp="2022-11-08T21:16:01 IST" skipped="0">
  <testcase classname="testcases.LoginTestHR" name="loginApp" time="13.423"/>
  <system-out/>
</testsuite> <!-- testcases.LoginTestHR -->
